[2.226s] Invoking command in '/SDP_Ros2/build/tracksense_robot_pkg': PYTHONPATH=/SDP_Ros2/build/tracksense_robot_pkg/prefix_override:/usr/lib/python3/dist-packages/colcon_core/task/python/colcon_distutils_commands:/SDP_Ros2/install/tracksense_robot_pkg/lib/python3.12/site-packages:${PYTHONPATH} /usr/bin/python3 -W ignore:setup.py install is deprecated -W ignore:easy_install command is deprecated setup.py develop --editable --build-directory /SDP_Ros2/build/tracksense_robot_pkg/build --no-deps symlink_data
[2.521s] running develop
[2.677s] running egg_info
[2.707s] writing tracksense_robot_pkg.egg-info/PKG-INFO
[2.722s] writing dependency_links to tracksense_robot_pkg.egg-info/dependency_links.txt
[2.736s] writing entry points to tracksense_robot_pkg.egg-info/entry_points.txt
[2.751s] writing requirements to tracksense_robot_pkg.egg-info/requires.txt
[2.766s] writing top-level names to tracksense_robot_pkg.egg-info/top_level.txt
[2.796s] reading manifest file 'tracksense_robot_pkg.egg-info/SOURCES.txt'
[2.797s] writing manifest file 'tracksense_robot_pkg.egg-info/SOURCES.txt'
[2.828s] running build_ext
[2.836s] Creating /SDP_Ros2/install/tracksense_robot_pkg/lib/python3.12/site-packages/tracksense-robot-pkg.egg-link (link to .)
[2.911s] Installing arduino_limited_node script to /SDP_Ros2/install/tracksense_robot_pkg/lib/tracksense_robot_pkg
[2.913s] Installing arduino_node script to /SDP_Ros2/install/tracksense_robot_pkg/lib/tracksense_robot_pkg
[2.913s] Installing bridge_node script to /SDP_Ros2/install/tracksense_robot_pkg/lib/tracksense_robot_pkg
[2.913s] Installing front_camera_node script to /SDP_Ros2/install/tracksense_robot_pkg/lib/tracksense_robot_pkg
[2.913s] Installing rear_camera_node script to /SDP_Ros2/install/tracksense_robot_pkg/lib/tracksense_robot_pkg
[2.914s] 
[2.914s] Installed /SDP_Ros2/build/tracksense_robot_pkg
[2.914s] running symlink_data
[2.995s] Invoked command in '/SDP_Ros2/build/tracksense_robot_pkg' returned '0': PYTHONPATH=/SDP_Ros2/build/tracksense_robot_pkg/prefix_override:/usr/lib/python3/dist-packages/colcon_core/task/python/colcon_distutils_commands:/SDP_Ros2/install/tracksense_robot_pkg/lib/python3.12/site-packages:${PYTHONPATH} /usr/bin/python3 -W ignore:setup.py install is deprecated -W ignore:easy_install command is deprecated setup.py develop --editable --build-directory /SDP_Ros2/build/tracksense_robot_pkg/build --no-deps symlink_data
