running develop
running egg_info
creating tracksense_robot_pkg.egg-info
writing tracksense_robot_pkg.egg-info/PKG-INFO
writing dependency_links to tracksense_robot_pkg.egg-info/dependency_links.txt
writing entry points to tracksense_robot_pkg.egg-info/entry_points.txt
writing requirements to tracksense_robot_pkg.egg-info/requires.txt
writing top-level names to tracksense_robot_pkg.egg-info/top_level.txt
writing manifest file 'tracksense_robot_pkg.egg-info/SOURCES.txt'
reading manifest file 'tracksense_robot_pkg.egg-info/SOURCES.txt'
writing manifest file 'tracksense_robot_pkg.egg-info/SOURCES.txt'
running build_ext
Creating /SDP_Ros2/src/tracksense_robot_pkg/install/tracksense_robot_pkg/lib/python3.12/site-packages/tracksense-robot-pkg.egg-link (link to .)
Installing arduino_lim_node script to /SDP_Ros2/src/tracksense_robot_pkg/install/tracksense_robot_pkg/lib/tracksense_robot_pkg
Installing arduino_node script to /SDP_Ros2/src/tracksense_robot_pkg/install/tracksense_robot_pkg/lib/tracksense_robot_pkg
Installing bridge_node script to /SDP_Ros2/src/tracksense_robot_pkg/install/tracksense_robot_pkg/lib/tracksense_robot_pkg
Installing front_camera_node script to /SDP_Ros2/src/tracksense_robot_pkg/install/tracksense_robot_pkg/lib/tracksense_robot_pkg
Installing rear_camera_node script to /SDP_Ros2/src/tracksense_robot_pkg/install/tracksense_robot_pkg/lib/tracksense_robot_pkg

Installed /SDP_Ros2/src/tracksense_robot_pkg/build/tracksense_robot_pkg
running symlink_data
creating /SDP_Ros2/src/tracksense_robot_pkg/install/tracksense_robot_pkg/share/ament_index
creating /SDP_Ros2/src/tracksense_robot_pkg/install/tracksense_robot_pkg/share/ament_index/resource_index
creating /SDP_Ros2/src/tracksense_robot_pkg/install/tracksense_robot_pkg/share/ament_index/resource_index/packages
symbolically linking /SDP_Ros2/src/tracksense_robot_pkg/build/tracksense_robot_pkg/resource/tracksense_robot_pkg -> /SDP_Ros2/src/tracksense_robot_pkg/install/tracksense_robot_pkg/share/ament_index/resource_index/packages
symbolically linking /SDP_Ros2/src/tracksense_robot_pkg/build/tracksense_robot_pkg/package.xml -> /SDP_Ros2/src/tracksense_robot_pkg/install/tracksense_robot_pkg/share/tracksense_robot_pkg
