[1.007s] Invoking command in '/SDP_Ros2/src/tracksense_robot_pkg/build/tracksense_robot_pkg': PYTHONPATH=/SDP_Ros2/src/tracksense_robot_pkg/build/tracksense_robot_pkg/prefix_override:/usr/lib/python3/dist-packages/colcon_core/task/python/colcon_distutils_commands:/SDP_Ros2/src/tracksense_robot_pkg/install/tracksense_robot_pkg/lib/python3.12/site-packages:${PYTHONPATH} /usr/bin/python3 -W ignore:setup.py install is deprecated -W ignore:easy_install command is deprecated setup.py develop --editable --build-directory /SDP_Ros2/src/tracksense_robot_pkg/build/tracksense_robot_pkg/build --no-deps symlink_data
[1.307s] running develop
[1.446s] running egg_info
[1.447s] creating tracksense_robot_pkg.egg-info
[1.463s] writing tracksense_robot_pkg.egg-info/PKG-INFO
[1.463s] writing dependency_links to tracksense_robot_pkg.egg-info/dependency_links.txt
[1.463s] writing entry points to tracksense_robot_pkg.egg-info/entry_points.txt
[1.463s] writing requirements to tracksense_robot_pkg.egg-info/requires.txt
[1.463s] writing top-level names to tracksense_robot_pkg.egg-info/top_level.txt
[1.463s] writing manifest file 'tracksense_robot_pkg.egg-info/SOURCES.txt'
[1.490s] reading manifest file 'tracksense_robot_pkg.egg-info/SOURCES.txt'
[1.491s] writing manifest file 'tracksense_robot_pkg.egg-info/SOURCES.txt'
[1.507s] running build_ext
[1.515s] Creating /SDP_Ros2/src/tracksense_robot_pkg/install/tracksense_robot_pkg/lib/python3.12/site-packages/tracksense-robot-pkg.egg-link (link to .)
[1.516s] Installing arduino_lim_node script to /SDP_Ros2/src/tracksense_robot_pkg/install/tracksense_robot_pkg/lib/tracksense_robot_pkg
[1.516s] Installing arduino_node script to /SDP_Ros2/src/tracksense_robot_pkg/install/tracksense_robot_pkg/lib/tracksense_robot_pkg
[1.517s] Installing bridge_node script to /SDP_Ros2/src/tracksense_robot_pkg/install/tracksense_robot_pkg/lib/tracksense_robot_pkg
[1.517s] Installing front_camera_node script to /SDP_Ros2/src/tracksense_robot_pkg/install/tracksense_robot_pkg/lib/tracksense_robot_pkg
[1.517s] Installing rear_camera_node script to /SDP_Ros2/src/tracksense_robot_pkg/install/tracksense_robot_pkg/lib/tracksense_robot_pkg
[1.517s] 
[1.517s] Installed /SDP_Ros2/src/tracksense_robot_pkg/build/tracksense_robot_pkg
[1.517s] running symlink_data
[1.517s] creating /SDP_Ros2/src/tracksense_robot_pkg/install/tracksense_robot_pkg/share/ament_index
[1.518s] creating /SDP_Ros2/src/tracksense_robot_pkg/install/tracksense_robot_pkg/share/ament_index/resource_index
[1.518s] creating /SDP_Ros2/src/tracksense_robot_pkg/install/tracksense_robot_pkg/share/ament_index/resource_index/packages
[1.518s] symbolically linking /SDP_Ros2/src/tracksense_robot_pkg/build/tracksense_robot_pkg/resource/tracksense_robot_pkg -> /SDP_Ros2/src/tracksense_robot_pkg/install/tracksense_robot_pkg/share/ament_index/resource_index/packages
[1.518s] symbolically linking /SDP_Ros2/src/tracksense_robot_pkg/build/tracksense_robot_pkg/package.xml -> /SDP_Ros2/src/tracksense_robot_pkg/install/tracksense_robot_pkg/share/tracksense_robot_pkg
[1.585s] Invoked command in '/SDP_Ros2/src/tracksense_robot_pkg/build/tracksense_robot_pkg' returned '0': PYTHONPATH=/SDP_Ros2/src/tracksense_robot_pkg/build/tracksense_robot_pkg/prefix_override:/usr/lib/python3/dist-packages/colcon_core/task/python/colcon_distutils_commands:/SDP_Ros2/src/tracksense_robot_pkg/install/tracksense_robot_pkg/lib/python3.12/site-packages:${PYTHONPATH} /usr/bin/python3 -W ignore:setup.py install is deprecated -W ignore:easy_install command is deprecated setup.py develop --editable --build-directory /SDP_Ros2/src/tracksense_robot_pkg/build/tracksense_robot_pkg/build --no-deps symlink_data
