[2.505s] Invoking command in '/SDP_Ros2/build/tracksense_robot_pkg': PYTHONPATH=/SDP_Ros2/build/tracksense_robot_pkg/prefix_override:/usr/lib/python3/dist-packages/colcon_core/task/python/colcon_distutils_commands:/SDP_Ros2/install/tracksense_robot_pkg/lib/python3.12/site-packages:${PYTHONPATH} /usr/bin/python3 -W ignore:setup.py install is deprecated -W ignore:easy_install command is deprecated setup.py develop --editable --build-directory /SDP_Ros2/build/tracksense_robot_pkg/build --no-deps symlink_data
[2.803s] running develop
[2.959s] running egg_info
[2.974s] writing tracksense_robot_pkg.egg-info/PKG-INFO
[3.002s] writing dependency_links to tracksense_robot_pkg.egg-info/dependency_links.txt
[3.016s] writing entry points to tracksense_robot_pkg.egg-info/entry_points.txt
[3.031s] writing requirements to tracksense_robot_pkg.egg-info/requires.txt
[3.033s] writing top-level names to tracksense_robot_pkg.egg-info/top_level.txt
[3.077s] reading manifest file 'tracksense_robot_pkg.egg-info/SOURCES.txt'
[3.078s] writing manifest file 'tracksense_robot_pkg.egg-info/SOURCES.txt'
[3.108s] running build_ext
[3.109s] Creating /SDP_Ros2/install/tracksense_robot_pkg/lib/python3.12/site-packages/tracksense-robot-pkg.egg-link (link to .)
[3.172s] Installing arduino_node script to /SDP_Ros2/install/tracksense_robot_pkg/lib/tracksense_robot_pkg
[3.189s] Installing bridge_node script to /SDP_Ros2/install/tracksense_robot_pkg/lib/tracksense_robot_pkg
[3.189s] Installing front_camera_node script to /SDP_Ros2/install/tracksense_robot_pkg/lib/tracksense_robot_pkg
[3.189s] Installing rear_camera_node script to /SDP_Ros2/install/tracksense_robot_pkg/lib/tracksense_robot_pkg
[3.189s] 
[3.190s] Installed /SDP_Ros2/build/tracksense_robot_pkg
[3.190s] running symlink_data
[3.257s] Invoked command in '/SDP_Ros2/build/tracksense_robot_pkg' returned '0': PYTHONPATH=/SDP_Ros2/build/tracksense_robot_pkg/prefix_override:/usr/lib/python3/dist-packages/colcon_core/task/python/colcon_distutils_commands:/SDP_Ros2/install/tracksense_robot_pkg/lib/python3.12/site-packages:${PYTHONPATH} /usr/bin/python3 -W ignore:setup.py install is deprecated -W ignore:easy_install command is deprecated setup.py develop --editable --build-directory /SDP_Ros2/build/tracksense_robot_pkg/build --no-deps symlink_data
