[0.808s] Invoking command in '/SDP_Ros2/build/tracksense_robot_pkg': PYTHONPATH=/SDP_Ros2/build/tracksense_robot_pkg/prefix_override:/usr/lib/python3/dist-packages/colcon_core/task/python/colcon_distutils_commands:/SDP_Ros2/install/tracksense_robot_pkg/lib/python3.12/site-packages:${PYTHONPATH} /usr/bin/python3 -W ignore:setup.py install is deprecated -W ignore:easy_install command is deprecated setup.py develop --editable --build-directory /SDP_Ros2/build/tracksense_robot_pkg/build --no-deps symlink_data
[1.147s] running develop
[1.294s] running egg_info
[1.308s] writing tracksense_robot_pkg.egg-info/PKG-INFO
[1.309s] writing dependency_links to tracksense_robot_pkg.egg-info/dependency_links.txt
[1.311s] writing entry points to tracksense_robot_pkg.egg-info/entry_points.txt
[1.313s] writing requirements to tracksense_robot_pkg.egg-info/requires.txt
[1.315s] writing top-level names to tracksense_robot_pkg.egg-info/top_level.txt
[1.346s] reading manifest file 'tracksense_robot_pkg.egg-info/SOURCES.txt'
[1.347s] writing manifest file 'tracksense_robot_pkg.egg-info/SOURCES.txt'
[1.363s] running build_ext
[1.363s] Creating /SDP_Ros2/install/tracksense_robot_pkg/lib/python3.12/site-packages/tracksense-robot-pkg.egg-link (link to .)
[1.364s] Installing arduino_limited_node script to /SDP_Ros2/install/tracksense_robot_pkg/lib/tracksense_robot_pkg
[1.364s] Installing arduino_node script to /SDP_Ros2/install/tracksense_robot_pkg/lib/tracksense_robot_pkg
[1.364s] Installing bridge_node script to /SDP_Ros2/install/tracksense_robot_pkg/lib/tracksense_robot_pkg
[1.364s] Installing front_camera_node script to /SDP_Ros2/install/tracksense_robot_pkg/lib/tracksense_robot_pkg
[1.365s] Installing rear_camera_node script to /SDP_Ros2/install/tracksense_robot_pkg/lib/tracksense_robot_pkg
[1.365s] 
[1.365s] Installed /SDP_Ros2/build/tracksense_robot_pkg
[1.365s] running symlink_data
[1.433s] Invoked command in '/SDP_Ros2/build/tracksense_robot_pkg' returned '0': PYTHONPATH=/SDP_Ros2/build/tracksense_robot_pkg/prefix_override:/usr/lib/python3/dist-packages/colcon_core/task/python/colcon_distutils_commands:/SDP_Ros2/install/tracksense_robot_pkg/lib/python3.12/site-packages:${PYTHONPATH} /usr/bin/python3 -W ignore:setup.py install is deprecated -W ignore:easy_install command is deprecated setup.py develop --editable --build-directory /SDP_Ros2/build/tracksense_robot_pkg/build --no-deps symlink_data
