[0.324s] DEBUG:colcon:Command line arguments: ['/usr/bin/colcon', 'build', '--symlink-install']
[0.324s] DEBUG:colcon:Parsed command line arguments: Namespace(log_base=None, log_level=None, verb_name='build', build_base='build', install_base='install', merge_install=False, symlink_install=True, test_result_base=None, continue_on_error=False, executor='parallel', parallel_workers=4, event_handlers=None, ignore_user_meta=False, metas=['./colcon.meta'], base_paths=['.'], packages_ignore=None, packages_ignore_regex=None, paths=None, packages_up_to=None, packages_up_to_regex=None, packages_above=None, packages_above_and_dependencies=None, packages_above_depth=None, packages_select_by_dep=None, packages_skip_by_dep=None, packages_skip_up_to=None, packages_select_build_failed=False, packages_skip_build_finished=False, packages_select_test_failures=False, packages_skip_test_passed=False, packages_select=None, packages_skip=None, packages_select_regex=None, packages_skip_regex=None, packages_start=None, packages_end=None, cmake_args=None, cmake_target=None, cmake_target_skip_unavailable=False, cmake_clean_cache=False, cmake_clean_first=False, cmake_force_configure=False, ament_cmake_args=None, catkin_cmake_args=None, catkin_skip_building_tests=False, mixin_files=None, mixin=None, verb_parser=<colcon_mixin.mixin.mixin_argument.MixinArgumentDecorator object at 0x7ffedb7632c0>, verb_extension=<colcon_core.verb.build.BuildVerb object at 0x7ffedb762f90>, main=<bound method BuildVerb.main of <colcon_core.verb.build.BuildVerb object at 0x7ffedb762f90>>, mixin_verb=('build',))
[0.446s] Level 1:colcon.colcon_core.package_discovery:discover_packages(colcon_meta) check parameters
[0.449s] INFO:colcon.colcon_metadata.package_discovery.colcon_meta:Using configuration from '/root/.colcon/metadata/default/Gazebo.meta'
[0.449s] INFO:colcon.colcon_metadata.package_discovery.colcon_meta:Using configuration from '/root/.colcon/metadata/default/fastdds.meta'
[0.450s] INFO:colcon.colcon_metadata.package_discovery.colcon_meta:Using configuration from '/root/.colcon/metadata/default/fastrtps.meta'
[0.450s] Level 1:colcon.colcon_core.package_discovery:discover_packages(recursive) check parameters
[0.450s] Level 1:colcon.colcon_core.package_discovery:discover_packages(ignore) check parameters
[0.450s] Level 1:colcon.colcon_core.package_discovery:discover_packages(path) check parameters
[0.450s] Level 1:colcon.colcon_core.package_discovery:discover_packages(colcon_meta) discover
[0.450s] Level 1:colcon.colcon_core.package_discovery:discover_packages(recursive) discover
[0.450s] INFO:colcon.colcon_core.package_discovery:Crawling recursively for packages in '/SDP_Ros2/src/tracksense_robot_pkg'
[0.450s] Level 1:colcon.colcon_core.package_identification:_identify(.) by extensions ['ignore', 'ignore_ament_install']
[0.450s] Level 1:colcon.colcon_core.package_identification:_identify(.) by extension 'ignore'
[0.451s] Level 1:colcon.colcon_core.package_identification:_identify(.) by extension 'ignore_ament_install'
[0.451s] Level 1:colcon.colcon_core.package_identification:_identify(.) by extensions ['colcon_pkg']
[0.451s] Level 1:colcon.colcon_core.package_identification:_identify(.) by extension 'colcon_pkg'
[0.451s] Level 1:colcon.colcon_core.package_identification:_identify(.) by extensions ['colcon_meta']
[0.451s] Level 1:colcon.colcon_core.package_identification:_identify(.) by extension 'colcon_meta'
[0.451s] Level 1:colcon.colcon_core.package_identification:_identify(.) by extensions ['ros']
[0.451s] Level 1:colcon.colcon_core.package_identification:_identify(.) by extension 'ros'
[0.524s] DEBUG:colcon.colcon_core.package_identification:Package '.' with type 'ros.ament_python' and name 'tracksense_robot_pkg'
[0.525s] Level 1:colcon.colcon_core.package_discovery:discover_packages(recursive) using defaults
[0.525s] Level 1:colcon.colcon_core.package_discovery:discover_packages(ignore) discover
[0.525s] Level 1:colcon.colcon_core.package_discovery:discover_packages(ignore) using defaults
[0.525s] Level 1:colcon.colcon_core.package_discovery:discover_packages(path) discover
[0.525s] Level 1:colcon.colcon_core.package_discovery:discover_packages(path) using defaults
[0.579s] Level 5:colcon.colcon_core.verb:set package 'tracksense_robot_pkg' build argument 'cmake_args' from command line to 'None'
[0.580s] Level 5:colcon.colcon_core.verb:set package 'tracksense_robot_pkg' build argument 'cmake_target' from command line to 'None'
[0.580s] Level 5:colcon.colcon_core.verb:set package 'tracksense_robot_pkg' build argument 'cmake_target_skip_unavailable' from command line to 'False'
[0.580s] Level 5:colcon.colcon_core.verb:set package 'tracksense_robot_pkg' build argument 'cmake_clean_cache' from command line to 'False'
[0.580s] Level 5:colcon.colcon_core.verb:set package 'tracksense_robot_pkg' build argument 'cmake_clean_first' from command line to 'False'
[0.580s] Level 5:colcon.colcon_core.verb:set package 'tracksense_robot_pkg' build argument 'cmake_force_configure' from command line to 'False'
[0.580s] Level 5:colcon.colcon_core.verb:set package 'tracksense_robot_pkg' build argument 'ament_cmake_args' from command line to 'None'
[0.580s] Level 5:colcon.colcon_core.verb:set package 'tracksense_robot_pkg' build argument 'catkin_cmake_args' from command line to 'None'
[0.580s] Level 5:colcon.colcon_core.verb:set package 'tracksense_robot_pkg' build argument 'catkin_skip_building_tests' from command line to 'False'
[0.580s] DEBUG:colcon.colcon_core.verb:Building package 'tracksense_robot_pkg' with the following arguments: {'ament_cmake_args': None, 'build_base': '/SDP_Ros2/src/tracksense_robot_pkg/build/tracksense_robot_pkg', 'catkin_cmake_args': None, 'catkin_skip_building_tests': False, 'cmake_args': None, 'cmake_clean_cache': False, 'cmake_clean_first': False, 'cmake_force_configure': False, 'cmake_target': None, 'cmake_target_skip_unavailable': False, 'install_base': '/SDP_Ros2/src/tracksense_robot_pkg/install/tracksense_robot_pkg', 'merge_install': False, 'path': '/SDP_Ros2/src/tracksense_robot_pkg', 'symlink_install': True, 'test_result_base': None}
[0.580s] INFO:colcon.colcon_core.executor:Executing jobs using 'parallel' executor
[0.581s] DEBUG:colcon.colcon_parallel_executor.executor.parallel:run_until_complete
[0.581s] INFO:colcon.colcon_ros.task.ament_python.build:Building ROS package in '/SDP_Ros2/src/tracksense_robot_pkg' with build type 'ament_python'
[0.581s] Level 1:colcon.colcon_core.shell:create_environment_hook('tracksense_robot_pkg', 'ament_prefix_path')
[0.592s] INFO:colcon.colcon_core.plugin_system:Skipping extension 'colcon_core.shell.bat': Not used on non-Windows systems
[0.592s] INFO:colcon.colcon_core.shell:Creating environment hook '/SDP_Ros2/src/tracksense_robot_pkg/install/tracksense_robot_pkg/share/tracksense_robot_pkg/hook/ament_prefix_path.ps1'
[0.594s] INFO:colcon.colcon_core.shell:Creating environment descriptor '/SDP_Ros2/src/tracksense_robot_pkg/install/tracksense_robot_pkg/share/tracksense_robot_pkg/hook/ament_prefix_path.dsv'
[0.595s] INFO:colcon.colcon_core.shell:Creating environment hook '/SDP_Ros2/src/tracksense_robot_pkg/install/tracksense_robot_pkg/share/tracksense_robot_pkg/hook/ament_prefix_path.sh'
[0.596s] INFO:colcon.colcon_core.shell:Skip shell extension 'powershell' for command environment: Not usable outside of PowerShell
[0.596s] DEBUG:colcon.colcon_core.shell:Skip shell extension 'dsv' for command environment
[0.851s] INFO:colcon.colcon_core.task.python.build:Building Python package in '/SDP_Ros2/src/tracksense_robot_pkg'
[0.851s] INFO:colcon.colcon_core.shell:Skip shell extension 'powershell' for command environment: Not usable outside of PowerShell
[0.851s] DEBUG:colcon.colcon_core.shell:Skip shell extension 'dsv' for command environment
[1.588s] DEBUG:colcon.colcon_core.event_handler.log_command:Invoking command in '/SDP_Ros2/src/tracksense_robot_pkg/build/tracksense_robot_pkg': PYTHONPATH=/SDP_Ros2/src/tracksense_robot_pkg/build/tracksense_robot_pkg/prefix_override:/usr/lib/python3/dist-packages/colcon_core/task/python/colcon_distutils_commands:/SDP_Ros2/src/tracksense_robot_pkg/install/tracksense_robot_pkg/lib/python3.12/site-packages:${PYTHONPATH} /usr/bin/python3 -W ignore:setup.py install is deprecated -W ignore:easy_install command is deprecated setup.py develop --editable --build-directory /SDP_Ros2/src/tracksense_robot_pkg/build/tracksense_robot_pkg/build --no-deps symlink_data
[2.166s] Level 1:colcon.colcon_core.shell:create_environment_hook('tracksense_robot_pkg', 'pythonpath_develop')
[2.166s] INFO:colcon.colcon_core.shell:Creating environment hook '/SDP_Ros2/src/tracksense_robot_pkg/build/tracksense_robot_pkg/share/tracksense_robot_pkg/hook/pythonpath_develop.ps1'
[2.166s] DEBUG:colcon.colcon_core.event_handler.log_command:Invoked command in '/SDP_Ros2/src/tracksense_robot_pkg/build/tracksense_robot_pkg' returned '0': PYTHONPATH=/SDP_Ros2/src/tracksense_robot_pkg/build/tracksense_robot_pkg/prefix_override:/usr/lib/python3/dist-packages/colcon_core/task/python/colcon_distutils_commands:/SDP_Ros2/src/tracksense_robot_pkg/install/tracksense_robot_pkg/lib/python3.12/site-packages:${PYTHONPATH} /usr/bin/python3 -W ignore:setup.py install is deprecated -W ignore:easy_install command is deprecated setup.py develop --editable --build-directory /SDP_Ros2/src/tracksense_robot_pkg/build/tracksense_robot_pkg/build --no-deps symlink_data
[2.167s] INFO:colcon.colcon_core.shell:Creating environment descriptor '/SDP_Ros2/src/tracksense_robot_pkg/build/tracksense_robot_pkg/share/tracksense_robot_pkg/hook/pythonpath_develop.dsv'
[2.167s] INFO:colcon.colcon_core.shell:Creating environment hook '/SDP_Ros2/src/tracksense_robot_pkg/build/tracksense_robot_pkg/share/tracksense_robot_pkg/hook/pythonpath_develop.sh'
[2.180s] Level 1:colcon.colcon_core.environment:checking '/SDP_Ros2/src/tracksense_robot_pkg/install/tracksense_robot_pkg' for CMake module files
[2.180s] Level 1:colcon.colcon_core.environment:checking '/SDP_Ros2/src/tracksense_robot_pkg/install/tracksense_robot_pkg' for CMake config files
[2.181s] Level 1:colcon.colcon_core.environment:checking '/SDP_Ros2/src/tracksense_robot_pkg/install/tracksense_robot_pkg/lib'
[2.181s] Level 1:colcon.colcon_core.environment:checking '/SDP_Ros2/src/tracksense_robot_pkg/install/tracksense_robot_pkg/bin'
[2.181s] Level 1:colcon.colcon_core.environment:checking '/SDP_Ros2/src/tracksense_robot_pkg/install/tracksense_robot_pkg/lib/pkgconfig/tracksense_robot_pkg.pc'
[2.182s] Level 1:colcon.colcon_core.environment:checking '/SDP_Ros2/src/tracksense_robot_pkg/install/tracksense_robot_pkg/lib/python3.12/site-packages'
[2.182s] Level 1:colcon.colcon_core.shell:create_environment_hook('tracksense_robot_pkg', 'pythonpath')
[2.182s] INFO:colcon.colcon_core.shell:Creating environment hook '/SDP_Ros2/src/tracksense_robot_pkg/install/tracksense_robot_pkg/share/tracksense_robot_pkg/hook/pythonpath.ps1'
[2.182s] INFO:colcon.colcon_core.shell:Creating environment descriptor '/SDP_Ros2/src/tracksense_robot_pkg/install/tracksense_robot_pkg/share/tracksense_robot_pkg/hook/pythonpath.dsv'
[2.183s] INFO:colcon.colcon_core.shell:Creating environment hook '/SDP_Ros2/src/tracksense_robot_pkg/install/tracksense_robot_pkg/share/tracksense_robot_pkg/hook/pythonpath.sh'
[2.183s] Level 1:colcon.colcon_core.environment:checking '/SDP_Ros2/src/tracksense_robot_pkg/install/tracksense_robot_pkg/bin'
[2.184s] Level 1:colcon.colcon_core.environment:create_environment_scripts_only(tracksense_robot_pkg)
[2.184s] INFO:colcon.colcon_core.shell:Creating package script '/SDP_Ros2/src/tracksense_robot_pkg/install/tracksense_robot_pkg/share/tracksense_robot_pkg/package.ps1'
[2.185s] INFO:colcon.colcon_core.shell:Creating package descriptor '/SDP_Ros2/src/tracksense_robot_pkg/install/tracksense_robot_pkg/share/tracksense_robot_pkg/package.dsv'
[2.186s] INFO:colcon.colcon_core.shell:Creating package script '/SDP_Ros2/src/tracksense_robot_pkg/install/tracksense_robot_pkg/share/tracksense_robot_pkg/package.sh'
[2.187s] INFO:colcon.colcon_core.shell:Creating package script '/SDP_Ros2/src/tracksense_robot_pkg/install/tracksense_robot_pkg/share/tracksense_robot_pkg/package.bash'
[2.189s] INFO:colcon.colcon_core.shell:Creating package script '/SDP_Ros2/src/tracksense_robot_pkg/install/tracksense_robot_pkg/share/tracksense_robot_pkg/package.zsh'
[2.190s] Level 1:colcon.colcon_core.environment:create_file_with_runtime_dependencies(/SDP_Ros2/src/tracksense_robot_pkg/install/tracksense_robot_pkg/share/colcon-core/packages/tracksense_robot_pkg)
[2.191s] DEBUG:colcon.colcon_parallel_executor.executor.parallel:closing loop
[2.191s] DEBUG:colcon.colcon_parallel_executor.executor.parallel:loop closed
[2.191s] DEBUG:colcon.colcon_parallel_executor.executor.parallel:run_until_complete finished with '0'
[2.191s] DEBUG:colcon.colcon_core.event_reactor:joining thread
[2.218s] INFO:colcon.colcon_core.plugin_system:Skipping extension 'colcon_notification.desktop_notification.notify_send': Could not find 'notify-send'
[2.218s] INFO:colcon.colcon_core.plugin_system:Skipping extension 'colcon_notification.desktop_notification.terminal_notifier': Not used on non-Darwin systems
[2.218s] INFO:colcon.colcon_core.plugin_system:Skipping extension 'colcon_notification.desktop_notification.win32': Not used on non-Windows systems
[2.218s] INFO:colcon.colcon_notification.desktop_notification:Sending desktop notification using 'notify2'
[2.220s] DEBUG:colcon.colcon_notification.desktop_notification.notify2:Failed to initialize notify2: org.freedesktop.DBus.Error.NotSupported: Unable to autolaunch a dbus-daemon without a $DISPLAY for X11
[2.220s] DEBUG:colcon.colcon_core.event_reactor:joined thread
[2.220s] INFO:colcon.colcon_core.shell:Creating prefix script '/SDP_Ros2/src/tracksense_robot_pkg/install/local_setup.ps1'
[2.222s] INFO:colcon.colcon_core.shell:Creating prefix util module '/SDP_Ros2/src/tracksense_robot_pkg/install/_local_setup_util_ps1.py'
[2.224s] INFO:colcon.colcon_core.shell:Creating prefix chain script '/SDP_Ros2/src/tracksense_robot_pkg/install/setup.ps1'
[2.225s] INFO:colcon.colcon_core.shell:Creating prefix script '/SDP_Ros2/src/tracksense_robot_pkg/install/local_setup.sh'
[2.226s] INFO:colcon.colcon_core.shell:Creating prefix util module '/SDP_Ros2/src/tracksense_robot_pkg/install/_local_setup_util_sh.py'
[2.227s] INFO:colcon.colcon_core.shell:Creating prefix chain script '/SDP_Ros2/src/tracksense_robot_pkg/install/setup.sh'
[2.228s] INFO:colcon.colcon_core.shell:Creating prefix script '/SDP_Ros2/src/tracksense_robot_pkg/install/local_setup.bash'
[2.229s] INFO:colcon.colcon_core.shell:Creating prefix chain script '/SDP_Ros2/src/tracksense_robot_pkg/install/setup.bash'
[2.230s] INFO:colcon.colcon_core.shell:Creating prefix script '/SDP_Ros2/src/tracksense_robot_pkg/install/local_setup.zsh'
[2.231s] INFO:colcon.colcon_core.shell:Creating prefix chain script '/SDP_Ros2/src/tracksense_robot_pkg/install/setup.zsh'
