[2.345s] Invoking command in '/SDP_Ros2/build/tracksense_robot_pkg': PYTHONPATH=/SDP_Ros2/build/tracksense_robot_pkg/prefix_override:/usr/lib/python3/dist-packages/colcon_core/task/python/colcon_distutils_commands:/SDP_Ros2/install/tracksense_robot_pkg/lib/python3.12/site-packages:${PYTHONPATH} /usr/bin/python3 -W ignore:setup.py install is deprecated -W ignore:easy_install command is deprecated setup.py develop --editable --build-directory /SDP_Ros2/build/tracksense_robot_pkg/build --no-deps symlink_data
[2.640s] running develop
[2.782s] running egg_info
[2.796s] writing tracksense_robot_pkg.egg-info/PKG-INFO
[2.796s] writing dependency_links to tracksense_robot_pkg.egg-info/dependency_links.txt
[4.199s] writing entry points to tracksense_robot_pkg.egg-info/entry_points.txt
[4.928s] writing requirements to tracksense_robot_pkg.egg-info/requires.txt
[4.929s] writing top-level names to tracksense_robot_pkg.egg-info/top_level.txt
[4.972s] reading manifest file 'tracksense_robot_pkg.egg-info/SOURCES.txt'
[4.973s] writing manifest file 'tracksense_robot_pkg.egg-info/SOURCES.txt'
[4.995s] running build_ext
[4.995s] Creating /SDP_Ros2/install/tracksense_robot_pkg/lib/python3.12/site-packages/tracksense-robot-pkg.egg-link (link to .)
[4.996s] Installing arduino_limited_node script to /SDP_Ros2/install/tracksense_robot_pkg/lib/tracksense_robot_pkg
[4.997s] Installing arduino_node script to /SDP_Ros2/install/tracksense_robot_pkg/lib/tracksense_robot_pkg
[4.997s] Installing bridge_node script to /SDP_Ros2/install/tracksense_robot_pkg/lib/tracksense_robot_pkg
[4.997s] Installing front_camera_node script to /SDP_Ros2/install/tracksense_robot_pkg/lib/tracksense_robot_pkg
[4.998s] Installing rear_camera_node script to /SDP_Ros2/install/tracksense_robot_pkg/lib/tracksense_robot_pkg
[4.998s] 
[4.998s] Installed /SDP_Ros2/build/tracksense_robot_pkg
[4.998s] running symlink_data
[5.073s] Invoked command in '/SDP_Ros2/build/tracksense_robot_pkg' returned '0': PYTHONPATH=/SDP_Ros2/build/tracksense_robot_pkg/prefix_override:/usr/lib/python3/dist-packages/colcon_core/task/python/colcon_distutils_commands:/SDP_Ros2/install/tracksense_robot_pkg/lib/python3.12/site-packages:${PYTHONPATH} /usr/bin/python3 -W ignore:setup.py install is deprecated -W ignore:easy_install command is deprecated setup.py develop --editable --build-directory /SDP_Ros2/build/tracksense_robot_pkg/build --no-deps symlink_data
