[1.881s] Invoking command in '/SDP_Ros2/build/tracksense_robot_pkg': PYTHONPATH=/SDP_Ros2/build/tracksense_robot_pkg/prefix_override:/usr/lib/python3/dist-packages/colcon_core/task/python/colcon_distutils_commands:/SDP_Ros2/install/tracksense_robot_pkg/lib/python3.12/site-packages:${PYTHONPATH} /usr/bin/python3 -W ignore:setup.py install is deprecated -W ignore:easy_install command is deprecated setup.py develop --editable --build-directory /SDP_Ros2/build/tracksense_robot_pkg/build --no-deps symlink_data --force
[2.173s] running develop
[2.313s] running egg_info
[2.323s] writing tracksense_robot_pkg.egg-info/PKG-INFO
[2.323s] writing dependency_links to tracksense_robot_pkg.egg-info/dependency_links.txt
[2.325s] writing entry points to tracksense_robot_pkg.egg-info/entry_points.txt
[2.325s] writing requirements to tracksense_robot_pkg.egg-info/requires.txt
[2.326s] writing top-level names to tracksense_robot_pkg.egg-info/top_level.txt
[2.356s] reading manifest file 'tracksense_robot_pkg.egg-info/SOURCES.txt'
[2.357s] writing manifest file 'tracksense_robot_pkg.egg-info/SOURCES.txt'
[2.373s] running build_ext
[2.373s] Creating /SDP_Ros2/install/tracksense_robot_pkg/lib/python3.12/site-packages/tracksense-robot-pkg.egg-link (link to .)
[2.374s] Installing arduino_node script to /SDP_Ros2/install/tracksense_robot_pkg/lib/tracksense_robot_pkg
[2.374s] Installing bridge_node script to /SDP_Ros2/install/tracksense_robot_pkg/lib/tracksense_robot_pkg
[2.374s] Installing front_camera_node script to /SDP_Ros2/install/tracksense_robot_pkg/lib/tracksense_robot_pkg
[2.374s] Installing rear_camera_node script to /SDP_Ros2/install/tracksense_robot_pkg/lib/tracksense_robot_pkg
[2.374s] 
[2.375s] Installed /SDP_Ros2/build/tracksense_robot_pkg
[2.375s] running symlink_data
[2.375s] symbolically linking /SDP_Ros2/build/tracksense_robot_pkg/resource/tracksense_robot_pkg -> /SDP_Ros2/install/tracksense_robot_pkg/share/ament_index/resource_index/packages
[2.375s] symbolically linking /SDP_Ros2/build/tracksense_robot_pkg/package.xml -> /SDP_Ros2/install/tracksense_robot_pkg/share/tracksense_robot_pkg
[2.443s] Invoked command in '/SDP_Ros2/build/tracksense_robot_pkg' returned '0': PYTHONPATH=/SDP_Ros2/build/tracksense_robot_pkg/prefix_override:/usr/lib/python3/dist-packages/colcon_core/task/python/colcon_distutils_commands:/SDP_Ros2/install/tracksense_robot_pkg/lib/python3.12/site-packages:${PYTHONPATH} /usr/bin/python3 -W ignore:setup.py install is deprecated -W ignore:easy_install command is deprecated setup.py develop --editable --build-directory /SDP_Ros2/build/tracksense_robot_pkg/build --no-deps symlink_data --force
