[0.811s] Invoking command in '/SDP_Ros2/src/tracksense_robot_pkg': PYTHONPATH=/SDP_Ros2/build/tracksense_robot_pkg/prefix_override:/usr/lib/python3/dist-packages/colcon_core/task/python/colcon_distutils_commands:/SDP_Ros2/install/tracksense_robot_pkg/lib/python3.12/site-packages:${PYTHONPATH} /usr/bin/python3 -W ignore:setup.py install is deprecated -W ignore:easy_install command is deprecated setup.py egg_info --egg-base ../../build/tracksense_robot_pkg build --build-base /SDP_Ros2/build/tracksense_robot_pkg/build install --record /SDP_Ros2/build/tracksense_robot_pkg/install.log --single-version-externally-managed install_data
[1.050s] running egg_info
[1.050s] creating ../../build/tracksense_robot_pkg/tracksense_robot_pkg.egg-info
[1.064s] writing ../../build/tracksense_robot_pkg/tracksense_robot_pkg.egg-info/PKG-INFO
[1.064s] writing dependency_links to ../../build/tracksense_robot_pkg/tracksense_robot_pkg.egg-info/dependency_links.txt
[1.064s] writing requirements to ../../build/tracksense_robot_pkg/tracksense_robot_pkg.egg-info/requires.txt
[1.064s] writing top-level names to ../../build/tracksense_robot_pkg/tracksense_robot_pkg.egg-info/top_level.txt
[1.064s] writing manifest file '../../build/tracksense_robot_pkg/tracksense_robot_pkg.egg-info/SOURCES.txt'
[1.093s] reading manifest file '../../build/tracksense_robot_pkg/tracksense_robot_pkg.egg-info/SOURCES.txt'
[1.094s] writing manifest file '../../build/tracksense_robot_pkg/tracksense_robot_pkg.egg-info/SOURCES.txt'
[1.094s] running build
[1.094s] running build_py
[1.094s] creating /SDP_Ros2/build/tracksense_robot_pkg/build
[1.094s] creating /SDP_Ros2/build/tracksense_robot_pkg/build/lib
[1.094s] creating /SDP_Ros2/build/tracksense_robot_pkg/build/lib/tracksense_robot_pkg
[1.094s] copying tracksense_robot_pkg/__init__.py -> /SDP_Ros2/build/tracksense_robot_pkg/build/lib/tracksense_robot_pkg
[1.095s] running install
[1.103s] running install_lib
[1.118s] creating /SDP_Ros2/install/tracksense_robot_pkg/lib/python3.12/site-packages/tracksense_robot_pkg
[1.118s] copying /SDP_Ros2/build/tracksense_robot_pkg/build/lib/tracksense_robot_pkg/__init__.py -> /SDP_Ros2/install/tracksense_robot_pkg/lib/python3.12/site-packages/tracksense_robot_pkg
[1.118s] byte-compiling /SDP_Ros2/install/tracksense_robot_pkg/lib/python3.12/site-packages/tracksense_robot_pkg/__init__.py to __init__.cpython-312.pyc
[1.119s] running install_data
[1.119s] creating /SDP_Ros2/install/tracksense_robot_pkg/share/ament_index
[1.119s] creating /SDP_Ros2/install/tracksense_robot_pkg/share/ament_index/resource_index
[1.119s] creating /SDP_Ros2/install/tracksense_robot_pkg/share/ament_index/resource_index/packages
[1.119s] copying resource/tracksense_robot_pkg -> /SDP_Ros2/install/tracksense_robot_pkg/share/ament_index/resource_index/packages
[1.119s] copying package.xml -> /SDP_Ros2/install/tracksense_robot_pkg/share/tracksense_robot_pkg
[1.119s] running install_egg_info
[1.135s] Copying ../../build/tracksense_robot_pkg/tracksense_robot_pkg.egg-info to /SDP_Ros2/install/tracksense_robot_pkg/lib/python3.12/site-packages/tracksense_robot_pkg-0.0.0-py3.12.egg-info
[1.136s] running install_scripts
[1.243s] writing list of installed files to '/SDP_Ros2/build/tracksense_robot_pkg/install.log'
[1.304s] Invoked command in '/SDP_Ros2/src/tracksense_robot_pkg' returned '0': PYTHONPATH=/SDP_Ros2/build/tracksense_robot_pkg/prefix_override:/usr/lib/python3/dist-packages/colcon_core/task/python/colcon_distutils_commands:/SDP_Ros2/install/tracksense_robot_pkg/lib/python3.12/site-packages:${PYTHONPATH} /usr/bin/python3 -W ignore:setup.py install is deprecated -W ignore:easy_install command is deprecated setup.py egg_info --egg-base ../../build/tracksense_robot_pkg build --build-base /SDP_Ros2/build/tracksense_robot_pkg/build install --record /SDP_Ros2/build/tracksense_robot_pkg/install.log --single-version-externally-managed install_data
